Analysis & Synthesis report for ALU_full
Fri Sep 30 15:05:03 2022
Quartus Prime Version 17.0.0 Build 595 04/25/2017 SJ Lite Edition


---------------------
; Table of Contents ;
---------------------
  1. Legal Notice
  2. Analysis & Synthesis Summary
  3. Analysis & Synthesis Settings
  4. Parallel Compilation
  5. Analysis & Synthesis Source Files Read
  6. Analysis & Synthesis Resource Usage Summary
  7. Analysis & Synthesis Resource Utilization by Entity
  8. General Register Statistics
  9. Multiplexer Restructuring Statistics (Restructuring Performed)
 10. Parameter Settings for User Entity Instance: CSA_32:CSA_32|CSA_16:CSA_16_1|CSA_8:CSA_8_1|MUX4:MUX4_1
 11. Parameter Settings for User Entity Instance: CSA_32:CSA_32|CSA_16:CSA_16_1|CSA_8:CSA_8_2|MUX4:MUX4_1
 12. Parameter Settings for User Entity Instance: CSA_32:CSA_32|CSA_16:CSA_16_1|CSA_8:CSA_8_3|MUX4:MUX4_1
 13. Parameter Settings for User Entity Instance: CSA_32:CSA_32|CSA_16:CSA_16_1|MUX8:MUX8_2
 14. Parameter Settings for User Entity Instance: CSA_32:CSA_32|CSA_16:CSA_16_2|CSA_8:CSA_8_1|MUX4:MUX4_1
 15. Parameter Settings for User Entity Instance: CSA_32:CSA_32|CSA_16:CSA_16_2|CSA_8:CSA_8_2|MUX4:MUX4_1
 16. Parameter Settings for User Entity Instance: CSA_32:CSA_32|CSA_16:CSA_16_2|CSA_8:CSA_8_3|MUX4:MUX4_1
 17. Parameter Settings for User Entity Instance: CSA_32:CSA_32|CSA_16:CSA_16_2|MUX8:MUX8_2
 18. Parameter Settings for User Entity Instance: CSA_32:CSA_32|CSA_16:CSA_16_3|CSA_8:CSA_8_1|MUX4:MUX4_1
 19. Parameter Settings for User Entity Instance: CSA_32:CSA_32|CSA_16:CSA_16_3|CSA_8:CSA_8_2|MUX4:MUX4_1
 20. Parameter Settings for User Entity Instance: CSA_32:CSA_32|CSA_16:CSA_16_3|CSA_8:CSA_8_3|MUX4:MUX4_1
 21. Parameter Settings for User Entity Instance: CSA_32:CSA_32|CSA_16:CSA_16_3|MUX8:MUX8_2
 22. Parameter Settings for User Entity Instance: CSA_32:CSA_32|MUX16:MUX0
 23. Parameter Settings for User Entity Instance: CSA_32:CSA_32_2|CSA_16:CSA_16_1|CSA_8:CSA_8_1|MUX4:MUX4_1
 24. Parameter Settings for User Entity Instance: CSA_32:CSA_32_2|CSA_16:CSA_16_1|CSA_8:CSA_8_2|MUX4:MUX4_1
 25. Parameter Settings for User Entity Instance: CSA_32:CSA_32_2|CSA_16:CSA_16_1|CSA_8:CSA_8_3|MUX4:MUX4_1
 26. Parameter Settings for User Entity Instance: CSA_32:CSA_32_2|CSA_16:CSA_16_1|MUX8:MUX8_2
 27. Parameter Settings for User Entity Instance: CSA_32:CSA_32_2|CSA_16:CSA_16_2|CSA_8:CSA_8_1|MUX4:MUX4_1
 28. Parameter Settings for User Entity Instance: CSA_32:CSA_32_2|CSA_16:CSA_16_2|CSA_8:CSA_8_2|MUX4:MUX4_1
 29. Parameter Settings for User Entity Instance: CSA_32:CSA_32_2|CSA_16:CSA_16_2|CSA_8:CSA_8_3|MUX4:MUX4_1
 30. Parameter Settings for User Entity Instance: CSA_32:CSA_32_2|CSA_16:CSA_16_2|MUX8:MUX8_2
 31. Parameter Settings for User Entity Instance: CSA_32:CSA_32_2|CSA_16:CSA_16_3|CSA_8:CSA_8_1|MUX4:MUX4_1
 32. Parameter Settings for User Entity Instance: CSA_32:CSA_32_2|CSA_16:CSA_16_3|CSA_8:CSA_8_2|MUX4:MUX4_1
 33. Parameter Settings for User Entity Instance: CSA_32:CSA_32_2|CSA_16:CSA_16_3|CSA_8:CSA_8_3|MUX4:MUX4_1
 34. Parameter Settings for User Entity Instance: CSA_32:CSA_32_2|CSA_16:CSA_16_3|MUX8:MUX8_2
 35. Parameter Settings for User Entity Instance: CSA_32:CSA_32_2|MUX16:MUX0
 36. Parameter Settings for User Entity Instance: bitwise_and:AND
 37. Parameter Settings for User Entity Instance: bitwise_or:OR
 38. Port Connectivity Checks: "CSA_32:CSA_32_2"
 39. Port Connectivity Checks: "CSA_32:CSA_32|CSA_16:CSA_16_3"
 40. Port Connectivity Checks: "CSA_32:CSA_32|CSA_16:CSA_16_2"
 41. Port Connectivity Checks: "CSA_32:CSA_32|CSA_16:CSA_16_1|CSA_8:CSA_8_3"
 42. Port Connectivity Checks: "CSA_32:CSA_32|CSA_16:CSA_16_1|CSA_8:CSA_8_2"
 43. Port Connectivity Checks: "CSA_32:CSA_32|CSA_16:CSA_16_1|CSA_8:CSA_8_1|RCA:RCA_3"
 44. Port Connectivity Checks: "CSA_32:CSA_32|CSA_16:CSA_16_1|CSA_8:CSA_8_1|RCA:RCA_2"
 45. Port Connectivity Checks: "CSA_32:CSA_32"
 46. Post-Synthesis Netlist Statistics for Top Partition
 47. Elapsed Time Per Partition
 48. Analysis & Synthesis Messages
 49. Analysis & Synthesis Suppressed Messages



----------------
; Legal Notice ;
----------------
Copyright (C) 2017  Intel Corporation. All rights reserved.
Your use of Intel Corporation's design tools, logic functions 
and other software and tools, and its AMPP partner logic 
functions, and any output files from any of the foregoing 
(including device programming or simulation files), and any 
associated documentation or information are expressly subject 
to the terms and conditions of the Intel Program License 
Subscription Agreement, the Intel Quartus Prime License Agreement,
the Intel MegaCore Function License Agreement, or other 
applicable license agreement, including, without limitation, 
that your use is for the sole purpose of programming logic 
devices manufactured by Intel and sold by Intel or its 
authorized distributors.  Please refer to the applicable 
agreement for further details.



+----------------------------------------------------------------------------------+
; Analysis & Synthesis Summary                                                     ;
+------------------------------------+---------------------------------------------+
; Analysis & Synthesis Status        ; Successful - Fri Sep 30 15:05:03 2022       ;
; Quartus Prime Version              ; 17.0.0 Build 595 04/25/2017 SJ Lite Edition ;
; Revision Name                      ; ALU_full                                    ;
; Top-level Entity Name              ; alu                                         ;
; Family                             ; Cyclone IV E                                ;
; Total logic elements               ; 677                                         ;
;     Total combinational functions  ; 677                                         ;
;     Dedicated logic registers      ; 0                                           ;
; Total registers                    ; 0                                           ;
; Total pins                         ; 109                                         ;
; Total virtual pins                 ; 0                                           ;
; Total memory bits                  ; 0                                           ;
; Embedded Multiplier 9-bit elements ; 0                                           ;
; Total PLLs                         ; 0                                           ;
+------------------------------------+---------------------------------------------+


+----------------------------------------------------------------------------------------------------------------------+
; Analysis & Synthesis Settings                                                                                        ;
+----------------------------------------------------------------------------+--------------------+--------------------+
; Option                                                                     ; Setting            ; Default Value      ;
+----------------------------------------------------------------------------+--------------------+--------------------+
; Device                                                                     ; EP4CE115F29C7      ;                    ;
; Top-level entity name                                                      ; alu                ; ALU_full           ;
; Family name                                                                ; Cyclone IV E       ; Cyclone V          ;
; Use smart compilation                                                      ; Off                ; Off                ;
; Enable parallel Assembler and TimeQuest Timing Analyzer during compilation ; On                 ; On                 ;
; Enable compact report table                                                ; Off                ; Off                ;
; Restructure Multiplexers                                                   ; Auto               ; Auto               ;
; Create Debugging Nodes for IP Cores                                        ; Off                ; Off                ;
; Preserve fewer node names                                                  ; On                 ; On                 ;
; OpenCore Plus hardware evaluation                                          ; Enable             ; Enable             ;
; Verilog Version                                                            ; Verilog_2001       ; Verilog_2001       ;
; VHDL Version                                                               ; VHDL_1993          ; VHDL_1993          ;
; State Machine Processing                                                   ; Auto               ; Auto               ;
; Safe State Machine                                                         ; Off                ; Off                ;
; Extract Verilog State Machines                                             ; On                 ; On                 ;
; Extract VHDL State Machines                                                ; On                 ; On                 ;
; Ignore Verilog initial constructs                                          ; Off                ; Off                ;
; Iteration limit for constant Verilog loops                                 ; 5000               ; 5000               ;
; Iteration limit for non-constant Verilog loops                             ; 250                ; 250                ;
; Add Pass-Through Logic to Inferred RAMs                                    ; On                 ; On                 ;
; Infer RAMs from Raw Logic                                                  ; On                 ; On                 ;
; Parallel Synthesis                                                         ; On                 ; On                 ;
; DSP Block Balancing                                                        ; Auto               ; Auto               ;
; NOT Gate Push-Back                                                         ; On                 ; On                 ;
; Power-Up Don't Care                                                        ; On                 ; On                 ;
; Remove Redundant Logic Cells                                               ; Off                ; Off                ;
; Remove Duplicate Registers                                                 ; On                 ; On                 ;
; Ignore CARRY Buffers                                                       ; Off                ; Off                ;
; Ignore CASCADE Buffers                                                     ; Off                ; Off                ;
; Ignore GLOBAL Buffers                                                      ; Off                ; Off                ;
; Ignore ROW GLOBAL Buffers                                                  ; Off                ; Off                ;
; Ignore LCELL Buffers                                                       ; Off                ; Off                ;
; Ignore SOFT Buffers                                                        ; On                 ; On                 ;
; Limit AHDL Integers to 32 Bits                                             ; Off                ; Off                ;
; Optimization Technique                                                     ; Balanced           ; Balanced           ;
; Carry Chain Length                                                         ; 70                 ; 70                 ;
; Auto Carry Chains                                                          ; On                 ; On                 ;
; Auto Open-Drain Pins                                                       ; On                 ; On                 ;
; Perform WYSIWYG Primitive Resynthesis                                      ; Off                ; Off                ;
; Auto ROM Replacement                                                       ; On                 ; On                 ;
; Auto RAM Replacement                                                       ; On                 ; On                 ;
; Auto DSP Block Replacement                                                 ; On                 ; On                 ;
; Auto Shift Register Replacement                                            ; Auto               ; Auto               ;
; Allow Shift Register Merging across Hierarchies                            ; Auto               ; Auto               ;
; Auto Clock Enable Replacement                                              ; On                 ; On                 ;
; Strict RAM Replacement                                                     ; Off                ; Off                ;
; Allow Synchronous Control Signals                                          ; On                 ; On                 ;
; Force Use of Synchronous Clear Signals                                     ; Off                ; Off                ;
; Auto RAM Block Balancing                                                   ; On                 ; On                 ;
; Auto RAM to Logic Cell Conversion                                          ; Off                ; Off                ;
; Auto Resource Sharing                                                      ; Off                ; Off                ;
; Allow Any RAM Size For Recognition                                         ; Off                ; Off                ;
; Allow Any ROM Size For Recognition                                         ; Off                ; Off                ;
; Allow Any Shift Register Size For Recognition                              ; Off                ; Off                ;
; Use LogicLock Constraints during Resource Balancing                        ; On                 ; On                 ;
; Ignore translate_off and synthesis_off directives                          ; Off                ; Off                ;
; Timing-Driven Synthesis                                                    ; On                 ; On                 ;
; Report Parameter Settings                                                  ; On                 ; On                 ;
; Report Source Assignments                                                  ; On                 ; On                 ;
; Report Connectivity Checks                                                 ; On                 ; On                 ;
; Ignore Maximum Fan-Out Assignments                                         ; Off                ; Off                ;
; Synchronization Register Chain Length                                      ; 2                  ; 2                  ;
; PowerPlay Power Optimization During Synthesis                              ; Normal compilation ; Normal compilation ;
; HDL message level                                                          ; Level2             ; Level2             ;
; Suppress Register Optimization Related Messages                            ; Off                ; Off                ;
; Number of Removed Registers Reported in Synthesis Report                   ; 5000               ; 5000               ;
; Number of Swept Nodes Reported in Synthesis Report                         ; 5000               ; 5000               ;
; Number of Inverted Registers Reported in Synthesis Report                  ; 100                ; 100                ;
; Clock MUX Protection                                                       ; On                 ; On                 ;
; Auto Gated Clock Conversion                                                ; Off                ; Off                ;
; Block Design Naming                                                        ; Auto               ; Auto               ;
; SDC constraint protection                                                  ; Off                ; Off                ;
; Synthesis Effort                                                           ; Auto               ; Auto               ;
; Shift Register Replacement - Allow Asynchronous Clear Signal               ; On                 ; On                 ;
; Pre-Mapping Resynthesis Optimization                                       ; Off                ; Off                ;
; Analysis & Synthesis Message Level                                         ; Medium             ; Medium             ;
; Disable Register Merging Across Hierarchies                                ; Auto               ; Auto               ;
; Resource Aware Inference For Block RAM                                     ; On                 ; On                 ;
+----------------------------------------------------------------------------+--------------------+--------------------+


+------------------------------------------+
; Parallel Compilation                     ;
+----------------------------+-------------+
; Processors                 ; Number      ;
+----------------------------+-------------+
; Number detected on machine ; 2           ;
; Maximum allowed            ; 2           ;
;                            ;             ;
; Average used               ; 1.00        ;
; Maximum used               ; 1           ;
;                            ;             ;
; Usage by Processor         ; % Time Used ;
;     Processor 1            ; 100.0%      ;
+----------------------------+-------------+


+-----------------------------------------------------------------------------------------------------------------------------------------------+
; Analysis & Synthesis Source Files Read                                                                                                        ;
+----------------------------------+-----------------+------------------------+-------------------------------------------------------+---------+
; File Name with User-Entered Path ; Used in Netlist ; File Type              ; File Name with Absolute Path                          ; Library ;
+----------------------------------+-----------------+------------------------+-------------------------------------------------------+---------+
; fa.v                             ; yes             ; User Verilog HDL File  ; C:/Users/vcm/Documents/ECE_550/ALU_full/fa.v          ;         ;
; RCA.v                            ; yes             ; User Verilog HDL File  ; C:/Users/vcm/Documents/ECE_550/ALU_full/RCA.v         ;         ;
; CSA_8.v                          ; yes             ; User Verilog HDL File  ; C:/Users/vcm/Documents/ECE_550/ALU_full/CSA_8.v       ;         ;
; CSA_16.v                         ; yes             ; User Verilog HDL File  ; C:/Users/vcm/Documents/ECE_550/ALU_full/CSA_16.v      ;         ;
; CSA_32.v                         ; yes             ; User Verilog HDL File  ; C:/Users/vcm/Documents/ECE_550/ALU_full/CSA_32.v      ;         ;
; mux.v                            ; yes             ; User Verilog HDL File  ; C:/Users/vcm/Documents/ECE_550/ALU_full/mux.v         ;         ;
; MUX_4.v                          ; yes             ; User Verilog HDL File  ; C:/Users/vcm/Documents/ECE_550/ALU_full/MUX_4.v       ;         ;
; MUX_8.v                          ; yes             ; User Verilog HDL File  ; C:/Users/vcm/Documents/ECE_550/ALU_full/MUX_8.v       ;         ;
; MUX_16.v                         ; yes             ; User Verilog HDL File  ; C:/Users/vcm/Documents/ECE_550/ALU_full/MUX_16.v      ;         ;
; alu.v                            ; yes             ; User Verilog HDL File  ; C:/Users/vcm/Documents/ECE_550/ALU_full/alu.v         ;         ;
; bitwise_and.v                    ; yes             ; User Verilog HDL File  ; C:/Users/vcm/Documents/ECE_550/ALU_full/bitwise_and.v ;         ;
; bitwise_or.v                     ; yes             ; User Verilog HDL File  ; C:/Users/vcm/Documents/ECE_550/ALU_full/bitwise_or.v  ;         ;
; isLessThan.v                     ; yes             ; User Verilog HDL File  ; C:/Users/vcm/Documents/ECE_550/ALU_full/isLessThan.v  ;         ;
; isNotEqual.v                     ; yes             ; User Verilog HDL File  ; C:/Users/vcm/Documents/ECE_550/ALU_full/isNotEqual.v  ;         ;
; SLL.v                            ; yes             ; User Verilog HDL File  ; C:/Users/vcm/Documents/ECE_550/ALU_full/SLL.v         ;         ;
; SRA.v                            ; yes             ; User Verilog HDL File  ; C:/Users/vcm/Documents/ECE_550/ALU_full/SRA.v         ;         ;
+----------------------------------+-----------------+------------------------+-------------------------------------------------------+---------+


+----------------------------------------------------------------------+
; Analysis & Synthesis Resource Usage Summary                          ;
+---------------------------------------------+------------------------+
; Resource                                    ; Usage                  ;
+---------------------------------------------+------------------------+
; Estimated Total logic elements              ; 677                    ;
;                                             ;                        ;
; Total combinational functions               ; 677                    ;
; Logic element usage by number of LUT inputs ;                        ;
;     -- 4 input functions                    ; 322                    ;
;     -- 3 input functions                    ; 290                    ;
;     -- <=2 input functions                  ; 65                     ;
;                                             ;                        ;
; Logic elements by mode                      ;                        ;
;     -- normal mode                          ; 617                    ;
;     -- arithmetic mode                      ; 60                     ;
;                                             ;                        ;
; Total registers                             ; 0                      ;
;     -- Dedicated logic registers            ; 0                      ;
;     -- I/O registers                        ; 0                      ;
;                                             ;                        ;
; I/O pins                                    ; 109                    ;
;                                             ;                        ;
; Embedded Multiplier 9-bit elements          ; 0                      ;
;                                             ;                        ;
; Maximum fan-out node                        ; ctrl_shiftamt[2]~input ;
; Maximum fan-out                             ; 78                     ;
; Total fan-out                               ; 2402                   ;
; Average fan-out                             ; 2.68                   ;
+---------------------------------------------+------------------------+


+-----------------------------------------------------------------------------------------------------------------------------------------------------------------------------------------------------------------------------------------------------------+
; Analysis & Synthesis Resource Utilization by Entity                                                                                                                                                                                                       ;
+----------------------------+---------------------+---------------------------+-------------+--------------+---------+-----------+------+--------------+----------------------------------------------------------------------+-------------+--------------+
; Compilation Hierarchy Node ; Combinational ALUTs ; Dedicated Logic Registers ; Memory Bits ; DSP Elements ; DSP 9x9 ; DSP 18x18 ; Pins ; Virtual Pins ; Full Hierarchy Name                                                  ; Entity Name ; Library Name ;
+----------------------------+---------------------+---------------------------+-------------+--------------+---------+-----------+------+--------------+----------------------------------------------------------------------+-------------+--------------+
; |alu                       ; 677 (245)           ; 0 (0)                     ; 0           ; 0            ; 0       ; 0         ; 109  ; 0            ; |alu                                                                 ; alu         ; work         ;
;    |CSA_32:CSA_32_2|       ; 103 (0)             ; 0 (0)                     ; 0           ; 0            ; 0       ; 0         ; 0    ; 0            ; |alu|CSA_32:CSA_32_2                                                 ; CSA_32      ; work         ;
;       |CSA_16:CSA_16_1|    ; 47 (0)              ; 0 (0)                     ; 0           ; 0            ; 0       ; 0         ; 0    ; 0            ; |alu|CSA_32:CSA_32_2|CSA_16:CSA_16_1                                 ; CSA_16      ; work         ;
;          |CSA_8:CSA_8_1|   ; 19 (0)              ; 0 (0)                     ; 0           ; 0            ; 0       ; 0         ; 0    ; 0            ; |alu|CSA_32:CSA_32_2|CSA_16:CSA_16_1|CSA_8:CSA_8_1                   ; CSA_8       ; work         ;
;             |MUX4:MUX4_1|  ; 6 (6)               ; 0 (0)                     ; 0           ; 0            ; 0       ; 0         ; 0    ; 0            ; |alu|CSA_32:CSA_32_2|CSA_16:CSA_16_1|CSA_8:CSA_8_1|MUX4:MUX4_1       ; MUX4        ; work         ;
;             |RCA:RCA_1|    ; 6 (0)               ; 0 (0)                     ; 0           ; 0            ; 0       ; 0         ; 0    ; 0            ; |alu|CSA_32:CSA_32_2|CSA_16:CSA_16_1|CSA_8:CSA_8_1|RCA:RCA_1         ; RCA         ; work         ;
;                |fa:fa_2|   ; 2 (2)               ; 0 (0)                     ; 0           ; 0            ; 0       ; 0         ; 0    ; 0            ; |alu|CSA_32:CSA_32_2|CSA_16:CSA_16_1|CSA_8:CSA_8_1|RCA:RCA_1|fa:fa_2 ; fa          ; work         ;
;                |fa:fa_3|   ; 2 (2)               ; 0 (0)                     ; 0           ; 0            ; 0       ; 0         ; 0    ; 0            ; |alu|CSA_32:CSA_32_2|CSA_16:CSA_16_1|CSA_8:CSA_8_1|RCA:RCA_1|fa:fa_3 ; fa          ; work         ;
;                |fa:fa_4|   ; 2 (2)               ; 0 (0)                     ; 0           ; 0            ; 0       ; 0         ; 0    ; 0            ; |alu|CSA_32:CSA_32_2|CSA_16:CSA_16_1|CSA_8:CSA_8_1|RCA:RCA_1|fa:fa_4 ; fa          ; work         ;
;             |RCA:RCA_2|    ; 3 (0)               ; 0 (0)                     ; 0           ; 0            ; 0       ; 0         ; 0    ; 0            ; |alu|CSA_32:CSA_32_2|CSA_16:CSA_16_1|CSA_8:CSA_8_1|RCA:RCA_2         ; RCA         ; work         ;
;                |fa:fa_2|   ; 2 (2)               ; 0 (0)                     ; 0           ; 0            ; 0       ; 0         ; 0    ; 0            ; |alu|CSA_32:CSA_32_2|CSA_16:CSA_16_1|CSA_8:CSA_8_1|RCA:RCA_2|fa:fa_2 ; fa          ; work         ;
;                |fa:fa_3|   ; 1 (1)               ; 0 (0)                     ; 0           ; 0            ; 0       ; 0         ; 0    ; 0            ; |alu|CSA_32:CSA_32_2|CSA_16:CSA_16_1|CSA_8:CSA_8_1|RCA:RCA_2|fa:fa_3 ; fa          ; work         ;
;             |RCA:RCA_3|    ; 1 (0)               ; 0 (0)                     ; 0           ; 0            ; 0       ; 0         ; 0    ; 0            ; |alu|CSA_32:CSA_32_2|CSA_16:CSA_16_1|CSA_8:CSA_8_1|RCA:RCA_3         ; RCA         ; work         ;
;                |fa:fa_2|   ; 1 (1)               ; 0 (0)                     ; 0           ; 0            ; 0       ; 0         ; 0    ; 0            ; |alu|CSA_32:CSA_32_2|CSA_16:CSA_16_1|CSA_8:CSA_8_1|RCA:RCA_3|fa:fa_2 ; fa          ; work         ;
;             |mux:mux_1|    ; 3 (3)               ; 0 (0)                     ; 0           ; 0            ; 0       ; 0         ; 0    ; 0            ; |alu|CSA_32:CSA_32_2|CSA_16:CSA_16_1|CSA_8:CSA_8_1|mux:mux_1         ; mux         ; work         ;
;          |CSA_8:CSA_8_2|   ; 10 (0)              ; 0 (0)                     ; 0           ; 0            ; 0       ; 0         ; 0    ; 0            ; |alu|CSA_32:CSA_32_2|CSA_16:CSA_16_1|CSA_8:CSA_8_2                   ; CSA_8       ; work         ;
;             |RCA:RCA_1|    ; 6 (0)               ; 0 (0)                     ; 0           ; 0            ; 0       ; 0         ; 0    ; 0            ; |alu|CSA_32:CSA_32_2|CSA_16:CSA_16_1|CSA_8:CSA_8_2|RCA:RCA_1         ; RCA         ; work         ;
;                |fa:fa_2|   ; 2 (2)               ; 0 (0)                     ; 0           ; 0            ; 0       ; 0         ; 0    ; 0            ; |alu|CSA_32:CSA_32_2|CSA_16:CSA_16_1|CSA_8:CSA_8_2|RCA:RCA_1|fa:fa_2 ; fa          ; work         ;
;                |fa:fa_3|   ; 2 (2)               ; 0 (0)                     ; 0           ; 0            ; 0       ; 0         ; 0    ; 0            ; |alu|CSA_32:CSA_32_2|CSA_16:CSA_16_1|CSA_8:CSA_8_2|RCA:RCA_1|fa:fa_3 ; fa          ; work         ;
;                |fa:fa_4|   ; 2 (2)               ; 0 (0)                     ; 0           ; 0            ; 0       ; 0         ; 0    ; 0            ; |alu|CSA_32:CSA_32_2|CSA_16:CSA_16_1|CSA_8:CSA_8_2|RCA:RCA_1|fa:fa_4 ; fa          ; work         ;
;             |RCA:RCA_2|    ; 3 (0)               ; 0 (0)                     ; 0           ; 0            ; 0       ; 0         ; 0    ; 0            ; |alu|CSA_32:CSA_32_2|CSA_16:CSA_16_1|CSA_8:CSA_8_2|RCA:RCA_2         ; RCA         ; work         ;
;                |fa:fa_2|   ; 2 (2)               ; 0 (0)                     ; 0           ; 0            ; 0       ; 0         ; 0    ; 0            ; |alu|CSA_32:CSA_32_2|CSA_16:CSA_16_1|CSA_8:CSA_8_2|RCA:RCA_2|fa:fa_2 ; fa          ; work         ;
;                |fa:fa_3|   ; 1 (1)               ; 0 (0)                     ; 0           ; 0            ; 0       ; 0         ; 0    ; 0            ; |alu|CSA_32:CSA_32_2|CSA_16:CSA_16_1|CSA_8:CSA_8_2|RCA:RCA_2|fa:fa_3 ; fa          ; work         ;
;             |RCA:RCA_3|    ; 1 (0)               ; 0 (0)                     ; 0           ; 0            ; 0       ; 0         ; 0    ; 0            ; |alu|CSA_32:CSA_32_2|CSA_16:CSA_16_1|CSA_8:CSA_8_2|RCA:RCA_3         ; RCA         ; work         ;
;                |fa:fa_2|   ; 1 (1)               ; 0 (0)                     ; 0           ; 0            ; 0       ; 0         ; 0    ; 0            ; |alu|CSA_32:CSA_32_2|CSA_16:CSA_16_1|CSA_8:CSA_8_2|RCA:RCA_3|fa:fa_2 ; fa          ; work         ;
;          |CSA_8:CSA_8_3|   ; 4 (0)               ; 0 (0)                     ; 0           ; 0            ; 0       ; 0         ; 0    ; 0            ; |alu|CSA_32:CSA_32_2|CSA_16:CSA_16_1|CSA_8:CSA_8_3                   ; CSA_8       ; work         ;
;             |MUX4:MUX4_1|  ; 1 (1)               ; 0 (0)                     ; 0           ; 0            ; 0       ; 0         ; 0    ; 0            ; |alu|CSA_32:CSA_32_2|CSA_16:CSA_16_1|CSA_8:CSA_8_3|MUX4:MUX4_1       ; MUX4        ; work         ;
;             |RCA:RCA_1|    ; 3 (0)               ; 0 (0)                     ; 0           ; 0            ; 0       ; 0         ; 0    ; 0            ; |alu|CSA_32:CSA_32_2|CSA_16:CSA_16_1|CSA_8:CSA_8_3|RCA:RCA_1         ; RCA         ; work         ;
;                |fa:fa_2|   ; 1 (1)               ; 0 (0)                     ; 0           ; 0            ; 0       ; 0         ; 0    ; 0            ; |alu|CSA_32:CSA_32_2|CSA_16:CSA_16_1|CSA_8:CSA_8_3|RCA:RCA_1|fa:fa_2 ; fa          ; work         ;
;                |fa:fa_3|   ; 1 (1)               ; 0 (0)                     ; 0           ; 0            ; 0       ; 0         ; 0    ; 0            ; |alu|CSA_32:CSA_32_2|CSA_16:CSA_16_1|CSA_8:CSA_8_3|RCA:RCA_1|fa:fa_3 ; fa          ; work         ;
;                |fa:fa_4|   ; 1 (1)               ; 0 (0)                     ; 0           ; 0            ; 0       ; 0         ; 0    ; 0            ; |alu|CSA_32:CSA_32_2|CSA_16:CSA_16_1|CSA_8:CSA_8_3|RCA:RCA_1|fa:fa_4 ; fa          ; work         ;
;          |MUX8:MUX8_2|     ; 11 (11)             ; 0 (0)                     ; 0           ; 0            ; 0       ; 0         ; 0    ; 0            ; |alu|CSA_32:CSA_32_2|CSA_16:CSA_16_1|MUX8:MUX8_2                     ; MUX8        ; work         ;
;          |mux:mux_2|       ; 3 (3)               ; 0 (0)                     ; 0           ; 0            ; 0       ; 0         ; 0    ; 0            ; |alu|CSA_32:CSA_32_2|CSA_16:CSA_16_1|mux:mux_2                       ; mux         ; work         ;
;       |CSA_16:CSA_16_2|    ; 31 (0)              ; 0 (0)                     ; 0           ; 0            ; 0       ; 0         ; 0    ; 0            ; |alu|CSA_32:CSA_32_2|CSA_16:CSA_16_2                                 ; CSA_16      ; work         ;
;          |CSA_8:CSA_8_1|   ; 15 (0)              ; 0 (0)                     ; 0           ; 0            ; 0       ; 0         ; 0    ; 0            ; |alu|CSA_32:CSA_32_2|CSA_16:CSA_16_2|CSA_8:CSA_8_1                   ; CSA_8       ; work         ;
;             |RCA:RCA_1|    ; 6 (0)               ; 0 (0)                     ; 0           ; 0            ; 0       ; 0         ; 0    ; 0            ; |alu|CSA_32:CSA_32_2|CSA_16:CSA_16_2|CSA_8:CSA_8_1|RCA:RCA_1         ; RCA         ; work         ;
;                |fa:fa_2|   ; 2 (2)               ; 0 (0)                     ; 0           ; 0            ; 0       ; 0         ; 0    ; 0            ; |alu|CSA_32:CSA_32_2|CSA_16:CSA_16_2|CSA_8:CSA_8_1|RCA:RCA_1|fa:fa_2 ; fa          ; work         ;
;                |fa:fa_3|   ; 2 (2)               ; 0 (0)                     ; 0           ; 0            ; 0       ; 0         ; 0    ; 0            ; |alu|CSA_32:CSA_32_2|CSA_16:CSA_16_2|CSA_8:CSA_8_1|RCA:RCA_1|fa:fa_3 ; fa          ; work         ;
;                |fa:fa_4|   ; 2 (2)               ; 0 (0)                     ; 0           ; 0            ; 0       ; 0         ; 0    ; 0            ; |alu|CSA_32:CSA_32_2|CSA_16:CSA_16_2|CSA_8:CSA_8_1|RCA:RCA_1|fa:fa_4 ; fa          ; work         ;
;             |RCA:RCA_2|    ; 6 (0)               ; 0 (0)                     ; 0           ; 0            ; 0       ; 0         ; 0    ; 0            ; |alu|CSA_32:CSA_32_2|CSA_16:CSA_16_2|CSA_8:CSA_8_1|RCA:RCA_2         ; RCA         ; work         ;
;                |fa:fa_2|   ; 2 (2)               ; 0 (0)                     ; 0           ; 0            ; 0       ; 0         ; 0    ; 0            ; |alu|CSA_32:CSA_32_2|CSA_16:CSA_16_2|CSA_8:CSA_8_1|RCA:RCA_2|fa:fa_2 ; fa          ; work         ;
;                |fa:fa_3|   ; 2 (2)               ; 0 (0)                     ; 0           ; 0            ; 0       ; 0         ; 0    ; 0            ; |alu|CSA_32:CSA_32_2|CSA_16:CSA_16_2|CSA_8:CSA_8_1|RCA:RCA_2|fa:fa_3 ; fa          ; work         ;
;                |fa:fa_4|   ; 2 (2)               ; 0 (0)                     ; 0           ; 0            ; 0       ; 0         ; 0    ; 0            ; |alu|CSA_32:CSA_32_2|CSA_16:CSA_16_2|CSA_8:CSA_8_1|RCA:RCA_2|fa:fa_4 ; fa          ; work         ;
;             |RCA:RCA_3|    ; 3 (0)               ; 0 (0)                     ; 0           ; 0            ; 0       ; 0         ; 0    ; 0            ; |alu|CSA_32:CSA_32_2|CSA_16:CSA_16_2|CSA_8:CSA_8_1|RCA:RCA_3         ; RCA         ; work         ;
;                |fa:fa_2|   ; 1 (1)               ; 0 (0)                     ; 0           ; 0            ; 0       ; 0         ; 0    ; 0            ; |alu|CSA_32:CSA_32_2|CSA_16:CSA_16_2|CSA_8:CSA_8_1|RCA:RCA_3|fa:fa_2 ; fa          ; work         ;
;                |fa:fa_3|   ; 1 (1)               ; 0 (0)                     ; 0           ; 0            ; 0       ; 0         ; 0    ; 0            ; |alu|CSA_32:CSA_32_2|CSA_16:CSA_16_2|CSA_8:CSA_8_1|RCA:RCA_3|fa:fa_3 ; fa          ; work         ;
;                |fa:fa_4|   ; 1 (1)               ; 0 (0)                     ; 0           ; 0            ; 0       ; 0         ; 0    ; 0            ; |alu|CSA_32:CSA_32_2|CSA_16:CSA_16_2|CSA_8:CSA_8_1|RCA:RCA_3|fa:fa_4 ; fa          ; work         ;
;          |CSA_8:CSA_8_2|   ; 12 (0)              ; 0 (0)                     ; 0           ; 0            ; 0       ; 0         ; 0    ; 0            ; |alu|CSA_32:CSA_32_2|CSA_16:CSA_16_2|CSA_8:CSA_8_2                   ; CSA_8       ; work         ;
;             |RCA:RCA_1|    ; 6 (0)               ; 0 (0)                     ; 0           ; 0            ; 0       ; 0         ; 0    ; 0            ; |alu|CSA_32:CSA_32_2|CSA_16:CSA_16_2|CSA_8:CSA_8_2|RCA:RCA_1         ; RCA         ; work         ;
;                |fa:fa_2|   ; 2 (2)               ; 0 (0)                     ; 0           ; 0            ; 0       ; 0         ; 0    ; 0            ; |alu|CSA_32:CSA_32_2|CSA_16:CSA_16_2|CSA_8:CSA_8_2|RCA:RCA_1|fa:fa_2 ; fa          ; work         ;
;                |fa:fa_3|   ; 2 (2)               ; 0 (0)                     ; 0           ; 0            ; 0       ; 0         ; 0    ; 0            ; |alu|CSA_32:CSA_32_2|CSA_16:CSA_16_2|CSA_8:CSA_8_2|RCA:RCA_1|fa:fa_3 ; fa          ; work         ;
;                |fa:fa_4|   ; 2 (2)               ; 0 (0)                     ; 0           ; 0            ; 0       ; 0         ; 0    ; 0            ; |alu|CSA_32:CSA_32_2|CSA_16:CSA_16_2|CSA_8:CSA_8_2|RCA:RCA_1|fa:fa_4 ; fa          ; work         ;
;             |RCA:RCA_2|    ; 4 (0)               ; 0 (0)                     ; 0           ; 0            ; 0       ; 0         ; 0    ; 0            ; |alu|CSA_32:CSA_32_2|CSA_16:CSA_16_2|CSA_8:CSA_8_2|RCA:RCA_2         ; RCA         ; work         ;
;                |fa:fa_2|   ; 2 (2)               ; 0 (0)                     ; 0           ; 0            ; 0       ; 0         ; 0    ; 0            ; |alu|CSA_32:CSA_32_2|CSA_16:CSA_16_2|CSA_8:CSA_8_2|RCA:RCA_2|fa:fa_2 ; fa          ; work         ;
;                |fa:fa_3|   ; 2 (2)               ; 0 (0)                     ; 0           ; 0            ; 0       ; 0         ; 0    ; 0            ; |alu|CSA_32:CSA_32_2|CSA_16:CSA_16_2|CSA_8:CSA_8_2|RCA:RCA_2|fa:fa_3 ; fa          ; work         ;
;             |RCA:RCA_3|    ; 2 (0)               ; 0 (0)                     ; 0           ; 0            ; 0       ; 0         ; 0    ; 0            ; |alu|CSA_32:CSA_32_2|CSA_16:CSA_16_2|CSA_8:CSA_8_2|RCA:RCA_3         ; RCA         ; work         ;
;                |fa:fa_2|   ; 1 (1)               ; 0 (0)                     ; 0           ; 0            ; 0       ; 0         ; 0    ; 0            ; |alu|CSA_32:CSA_32_2|CSA_16:CSA_16_2|CSA_8:CSA_8_2|RCA:RCA_3|fa:fa_2 ; fa          ; work         ;
;                |fa:fa_3|   ; 1 (1)               ; 0 (0)                     ; 0           ; 0            ; 0       ; 0         ; 0    ; 0            ; |alu|CSA_32:CSA_32_2|CSA_16:CSA_16_2|CSA_8:CSA_8_2|RCA:RCA_3|fa:fa_3 ; fa          ; work         ;
;          |CSA_8:CSA_8_3|   ; 4 (0)               ; 0 (0)                     ; 0           ; 0            ; 0       ; 0         ; 0    ; 0            ; |alu|CSA_32:CSA_32_2|CSA_16:CSA_16_2|CSA_8:CSA_8_3                   ; CSA_8       ; work         ;
;             |MUX4:MUX4_1|  ; 1 (1)               ; 0 (0)                     ; 0           ; 0            ; 0       ; 0         ; 0    ; 0            ; |alu|CSA_32:CSA_32_2|CSA_16:CSA_16_2|CSA_8:CSA_8_3|MUX4:MUX4_1       ; MUX4        ; work         ;
;             |RCA:RCA_1|    ; 3 (0)               ; 0 (0)                     ; 0           ; 0            ; 0       ; 0         ; 0    ; 0            ; |alu|CSA_32:CSA_32_2|CSA_16:CSA_16_2|CSA_8:CSA_8_3|RCA:RCA_1         ; RCA         ; work         ;
;                |fa:fa_2|   ; 1 (1)               ; 0 (0)                     ; 0           ; 0            ; 0       ; 0         ; 0    ; 0            ; |alu|CSA_32:CSA_32_2|CSA_16:CSA_16_2|CSA_8:CSA_8_3|RCA:RCA_1|fa:fa_2 ; fa          ; work         ;
;                |fa:fa_3|   ; 1 (1)               ; 0 (0)                     ; 0           ; 0            ; 0       ; 0         ; 0    ; 0            ; |alu|CSA_32:CSA_32_2|CSA_16:CSA_16_2|CSA_8:CSA_8_3|RCA:RCA_1|fa:fa_3 ; fa          ; work         ;
;                |fa:fa_4|   ; 1 (1)               ; 0 (0)                     ; 0           ; 0            ; 0       ; 0         ; 0    ; 0            ; |alu|CSA_32:CSA_32_2|CSA_16:CSA_16_2|CSA_8:CSA_8_3|RCA:RCA_1|fa:fa_4 ; fa          ; work         ;
;       |CSA_16:CSA_16_3|    ; 5 (0)               ; 0 (0)                     ; 0           ; 0            ; 0       ; 0         ; 0    ; 0            ; |alu|CSA_32:CSA_32_2|CSA_16:CSA_16_3                                 ; CSA_16      ; work         ;
;          |CSA_8:CSA_8_1|   ; 4 (0)               ; 0 (0)                     ; 0           ; 0            ; 0       ; 0         ; 0    ; 0            ; |alu|CSA_32:CSA_32_2|CSA_16:CSA_16_3|CSA_8:CSA_8_1                   ; CSA_8       ; work         ;
;             |MUX4:MUX4_1|  ; 1 (1)               ; 0 (0)                     ; 0           ; 0            ; 0       ; 0         ; 0    ; 0            ; |alu|CSA_32:CSA_32_2|CSA_16:CSA_16_3|CSA_8:CSA_8_1|MUX4:MUX4_1       ; MUX4        ; work         ;
;             |RCA:RCA_1|    ; 3 (0)               ; 0 (0)                     ; 0           ; 0            ; 0       ; 0         ; 0    ; 0            ; |alu|CSA_32:CSA_32_2|CSA_16:CSA_16_3|CSA_8:CSA_8_1|RCA:RCA_1         ; RCA         ; work         ;
;                |fa:fa_2|   ; 1 (1)               ; 0 (0)                     ; 0           ; 0            ; 0       ; 0         ; 0    ; 0            ; |alu|CSA_32:CSA_32_2|CSA_16:CSA_16_3|CSA_8:CSA_8_1|RCA:RCA_1|fa:fa_2 ; fa          ; work         ;
;                |fa:fa_3|   ; 1 (1)               ; 0 (0)                     ; 0           ; 0            ; 0       ; 0         ; 0    ; 0            ; |alu|CSA_32:CSA_32_2|CSA_16:CSA_16_3|CSA_8:CSA_8_1|RCA:RCA_1|fa:fa_3 ; fa          ; work         ;
;                |fa:fa_4|   ; 1 (1)               ; 0 (0)                     ; 0           ; 0            ; 0       ; 0         ; 0    ; 0            ; |alu|CSA_32:CSA_32_2|CSA_16:CSA_16_3|CSA_8:CSA_8_1|RCA:RCA_1|fa:fa_4 ; fa          ; work         ;
;          |MUX8:MUX8_2|     ; 1 (1)               ; 0 (0)                     ; 0           ; 0            ; 0       ; 0         ; 0    ; 0            ; |alu|CSA_32:CSA_32_2|CSA_16:CSA_16_3|MUX8:MUX8_2                     ; MUX8        ; work         ;
;       |MUX16:MUX0|         ; 20 (20)             ; 0 (0)                     ; 0           ; 0            ; 0       ; 0         ; 0    ; 0            ; |alu|CSA_32:CSA_32_2|MUX16:MUX0                                      ; MUX16       ; work         ;
;    |CSA_32:CSA_32|         ; 85 (0)              ; 0 (0)                     ; 0           ; 0            ; 0       ; 0         ; 0    ; 0            ; |alu|CSA_32:CSA_32                                                   ; CSA_32      ; work         ;
;       |CSA_16:CSA_16_1|    ; 38 (0)              ; 0 (0)                     ; 0           ; 0            ; 0       ; 0         ; 0    ; 0            ; |alu|CSA_32:CSA_32|CSA_16:CSA_16_1                                   ; CSA_16      ; work         ;
;          |CSA_8:CSA_8_1|   ; 16 (0)              ; 0 (0)                     ; 0           ; 0            ; 0       ; 0         ; 0    ; 0            ; |alu|CSA_32:CSA_32|CSA_16:CSA_16_1|CSA_8:CSA_8_1                     ; CSA_8       ; work         ;
;             |RCA:RCA_1|    ; 5 (0)               ; 0 (0)                     ; 0           ; 0            ; 0       ; 0         ; 0    ; 0            ; |alu|CSA_32:CSA_32|CSA_16:CSA_16_1|CSA_8:CSA_8_1|RCA:RCA_1           ; RCA         ; work         ;
;                |fa:fa_2|   ; 5 (5)               ; 0 (0)                     ; 0           ; 0            ; 0       ; 0         ; 0    ; 0            ; |alu|CSA_32:CSA_32|CSA_16:CSA_16_1|CSA_8:CSA_8_1|RCA:RCA_1|fa:fa_2   ; fa          ; work         ;
;             |RCA:RCA_2|    ; 5 (0)               ; 0 (0)                     ; 0           ; 0            ; 0       ; 0         ; 0    ; 0            ; |alu|CSA_32:CSA_32|CSA_16:CSA_16_1|CSA_8:CSA_8_1|RCA:RCA_2           ; RCA         ; work         ;
;                |fa:fa_2|   ; 5 (5)               ; 0 (0)                     ; 0           ; 0            ; 0       ; 0         ; 0    ; 0            ; |alu|CSA_32:CSA_32|CSA_16:CSA_16_1|CSA_8:CSA_8_1|RCA:RCA_2|fa:fa_2   ; fa          ; work         ;
;             |RCA:RCA_3|    ; 5 (0)               ; 0 (0)                     ; 0           ; 0            ; 0       ; 0         ; 0    ; 0            ; |alu|CSA_32:CSA_32|CSA_16:CSA_16_1|CSA_8:CSA_8_1|RCA:RCA_3           ; RCA         ; work         ;
;                |fa:fa_2|   ; 5 (5)               ; 0 (0)                     ; 0           ; 0            ; 0       ; 0         ; 0    ; 0            ; |alu|CSA_32:CSA_32|CSA_16:CSA_16_1|CSA_8:CSA_8_1|RCA:RCA_3|fa:fa_2   ; fa          ; work         ;
;             |mux:mux_1|    ; 1 (1)               ; 0 (0)                     ; 0           ; 0            ; 0       ; 0         ; 0    ; 0            ; |alu|CSA_32:CSA_32|CSA_16:CSA_16_1|CSA_8:CSA_8_1|mux:mux_1           ; mux         ; work         ;
;          |CSA_8:CSA_8_2|   ; 15 (0)              ; 0 (0)                     ; 0           ; 0            ; 0       ; 0         ; 0    ; 0            ; |alu|CSA_32:CSA_32|CSA_16:CSA_16_1|CSA_8:CSA_8_2                     ; CSA_8       ; work         ;
;             |RCA:RCA_1|    ; 5 (0)               ; 0 (0)                     ; 0           ; 0            ; 0       ; 0         ; 0    ; 0            ; |alu|CSA_32:CSA_32|CSA_16:CSA_16_1|CSA_8:CSA_8_2|RCA:RCA_1           ; RCA         ; work         ;
;                |fa:fa_2|   ; 5 (5)               ; 0 (0)                     ; 0           ; 0            ; 0       ; 0         ; 0    ; 0            ; |alu|CSA_32:CSA_32|CSA_16:CSA_16_1|CSA_8:CSA_8_2|RCA:RCA_1|fa:fa_2   ; fa          ; work         ;
;             |RCA:RCA_2|    ; 5 (0)               ; 0 (0)                     ; 0           ; 0            ; 0       ; 0         ; 0    ; 0            ; |alu|CSA_32:CSA_32|CSA_16:CSA_16_1|CSA_8:CSA_8_2|RCA:RCA_2           ; RCA         ; work         ;
;                |fa:fa_2|   ; 5 (5)               ; 0 (0)                     ; 0           ; 0            ; 0       ; 0         ; 0    ; 0            ; |alu|CSA_32:CSA_32|CSA_16:CSA_16_1|CSA_8:CSA_8_2|RCA:RCA_2|fa:fa_2   ; fa          ; work         ;
;             |RCA:RCA_3|    ; 5 (0)               ; 0 (0)                     ; 0           ; 0            ; 0       ; 0         ; 0    ; 0            ; |alu|CSA_32:CSA_32|CSA_16:CSA_16_1|CSA_8:CSA_8_2|RCA:RCA_3           ; RCA         ; work         ;
;                |fa:fa_2|   ; 5 (5)               ; 0 (0)                     ; 0           ; 0            ; 0       ; 0         ; 0    ; 0            ; |alu|CSA_32:CSA_32|CSA_16:CSA_16_1|CSA_8:CSA_8_2|RCA:RCA_3|fa:fa_2   ; fa          ; work         ;
;          |CSA_8:CSA_8_3|   ; 5 (0)               ; 0 (0)                     ; 0           ; 0            ; 0       ; 0         ; 0    ; 0            ; |alu|CSA_32:CSA_32|CSA_16:CSA_16_1|CSA_8:CSA_8_3                     ; CSA_8       ; work         ;
;             |RCA:RCA_1|    ; 5 (0)               ; 0 (0)                     ; 0           ; 0            ; 0       ; 0         ; 0    ; 0            ; |alu|CSA_32:CSA_32|CSA_16:CSA_16_1|CSA_8:CSA_8_3|RCA:RCA_1           ; RCA         ; work         ;
;                |fa:fa_2|   ; 5 (5)               ; 0 (0)                     ; 0           ; 0            ; 0       ; 0         ; 0    ; 0            ; |alu|CSA_32:CSA_32|CSA_16:CSA_16_1|CSA_8:CSA_8_3|RCA:RCA_1|fa:fa_2   ; fa          ; work         ;
;          |MUX8:MUX8_2|     ; 1 (1)               ; 0 (0)                     ; 0           ; 0            ; 0       ; 0         ; 0    ; 0            ; |alu|CSA_32:CSA_32|CSA_16:CSA_16_1|MUX8:MUX8_2                       ; MUX8        ; work         ;
;          |mux:mux_2|       ; 1 (1)               ; 0 (0)                     ; 0           ; 0            ; 0       ; 0         ; 0    ; 0            ; |alu|CSA_32:CSA_32|CSA_16:CSA_16_1|mux:mux_2                         ; mux         ; work         ;
;       |CSA_16:CSA_16_2|    ; 39 (0)              ; 0 (0)                     ; 0           ; 0            ; 0       ; 0         ; 0    ; 0            ; |alu|CSA_32:CSA_32|CSA_16:CSA_16_2                                   ; CSA_16      ; work         ;
;          |CSA_8:CSA_8_1|   ; 15 (0)              ; 0 (0)                     ; 0           ; 0            ; 0       ; 0         ; 0    ; 0            ; |alu|CSA_32:CSA_32|CSA_16:CSA_16_2|CSA_8:CSA_8_1                     ; CSA_8       ; work         ;
;             |RCA:RCA_1|    ; 5 (0)               ; 0 (0)                     ; 0           ; 0            ; 0       ; 0         ; 0    ; 0            ; |alu|CSA_32:CSA_32|CSA_16:CSA_16_2|CSA_8:CSA_8_1|RCA:RCA_1           ; RCA         ; work         ;
;                |fa:fa_2|   ; 5 (5)               ; 0 (0)                     ; 0           ; 0            ; 0       ; 0         ; 0    ; 0            ; |alu|CSA_32:CSA_32|CSA_16:CSA_16_2|CSA_8:CSA_8_1|RCA:RCA_1|fa:fa_2   ; fa          ; work         ;
;             |RCA:RCA_2|    ; 5 (0)               ; 0 (0)                     ; 0           ; 0            ; 0       ; 0         ; 0    ; 0            ; |alu|CSA_32:CSA_32|CSA_16:CSA_16_2|CSA_8:CSA_8_1|RCA:RCA_2           ; RCA         ; work         ;
;                |fa:fa_2|   ; 5 (5)               ; 0 (0)                     ; 0           ; 0            ; 0       ; 0         ; 0    ; 0            ; |alu|CSA_32:CSA_32|CSA_16:CSA_16_2|CSA_8:CSA_8_1|RCA:RCA_2|fa:fa_2   ; fa          ; work         ;
;             |RCA:RCA_3|    ; 5 (0)               ; 0 (0)                     ; 0           ; 0            ; 0       ; 0         ; 0    ; 0            ; |alu|CSA_32:CSA_32|CSA_16:CSA_16_2|CSA_8:CSA_8_1|RCA:RCA_3           ; RCA         ; work         ;
;                |fa:fa_2|   ; 5 (5)               ; 0 (0)                     ; 0           ; 0            ; 0       ; 0         ; 0    ; 0            ; |alu|CSA_32:CSA_32|CSA_16:CSA_16_2|CSA_8:CSA_8_1|RCA:RCA_3|fa:fa_2   ; fa          ; work         ;
;          |CSA_8:CSA_8_2|   ; 19 (0)              ; 0 (0)                     ; 0           ; 0            ; 0       ; 0         ; 0    ; 0            ; |alu|CSA_32:CSA_32|CSA_16:CSA_16_2|CSA_8:CSA_8_2                     ; CSA_8       ; work         ;
;             |MUX4:MUX4_1|  ; 1 (1)               ; 0 (0)                     ; 0           ; 0            ; 0       ; 0         ; 0    ; 0            ; |alu|CSA_32:CSA_32|CSA_16:CSA_16_2|CSA_8:CSA_8_2|MUX4:MUX4_1         ; MUX4        ; work         ;
;             |RCA:RCA_1|    ; 5 (0)               ; 0 (0)                     ; 0           ; 0            ; 0       ; 0         ; 0    ; 0            ; |alu|CSA_32:CSA_32|CSA_16:CSA_16_2|CSA_8:CSA_8_2|RCA:RCA_1           ; RCA         ; work         ;
;                |fa:fa_2|   ; 5 (5)               ; 0 (0)                     ; 0           ; 0            ; 0       ; 0         ; 0    ; 0            ; |alu|CSA_32:CSA_32|CSA_16:CSA_16_2|CSA_8:CSA_8_2|RCA:RCA_1|fa:fa_2   ; fa          ; work         ;
;             |RCA:RCA_2|    ; 8 (0)               ; 0 (0)                     ; 0           ; 0            ; 0       ; 0         ; 0    ; 0            ; |alu|CSA_32:CSA_32|CSA_16:CSA_16_2|CSA_8:CSA_8_2|RCA:RCA_2           ; RCA         ; work         ;
;                |fa:fa_2|   ; 8 (8)               ; 0 (0)                     ; 0           ; 0            ; 0       ; 0         ; 0    ; 0            ; |alu|CSA_32:CSA_32|CSA_16:CSA_16_2|CSA_8:CSA_8_2|RCA:RCA_2|fa:fa_2   ; fa          ; work         ;
;             |RCA:RCA_3|    ; 5 (0)               ; 0 (0)                     ; 0           ; 0            ; 0       ; 0         ; 0    ; 0            ; |alu|CSA_32:CSA_32|CSA_16:CSA_16_2|CSA_8:CSA_8_2|RCA:RCA_3           ; RCA         ; work         ;
;                |fa:fa_2|   ; 5 (5)               ; 0 (0)                     ; 0           ; 0            ; 0       ; 0         ; 0    ; 0            ; |alu|CSA_32:CSA_32|CSA_16:CSA_16_2|CSA_8:CSA_8_2|RCA:RCA_3|fa:fa_2   ; fa          ; work         ;
;          |CSA_8:CSA_8_3|   ; 5 (0)               ; 0 (0)                     ; 0           ; 0            ; 0       ; 0         ; 0    ; 0            ; |alu|CSA_32:CSA_32|CSA_16:CSA_16_2|CSA_8:CSA_8_3                     ; CSA_8       ; work         ;
;             |RCA:RCA_1|    ; 5 (0)               ; 0 (0)                     ; 0           ; 0            ; 0       ; 0         ; 0    ; 0            ; |alu|CSA_32:CSA_32|CSA_16:CSA_16_2|CSA_8:CSA_8_3|RCA:RCA_1           ; RCA         ; work         ;
;                |fa:fa_2|   ; 5 (5)               ; 0 (0)                     ; 0           ; 0            ; 0       ; 0         ; 0    ; 0            ; |alu|CSA_32:CSA_32|CSA_16:CSA_16_2|CSA_8:CSA_8_3|RCA:RCA_1|fa:fa_2   ; fa          ; work         ;
;       |CSA_16:CSA_16_3|    ; 5 (0)               ; 0 (0)                     ; 0           ; 0            ; 0       ; 0         ; 0    ; 0            ; |alu|CSA_32:CSA_32|CSA_16:CSA_16_3                                   ; CSA_16      ; work         ;
;          |CSA_8:CSA_8_1|   ; 5 (0)               ; 0 (0)                     ; 0           ; 0            ; 0       ; 0         ; 0    ; 0            ; |alu|CSA_32:CSA_32|CSA_16:CSA_16_3|CSA_8:CSA_8_1                     ; CSA_8       ; work         ;
;             |RCA:RCA_1|    ; 5 (0)               ; 0 (0)                     ; 0           ; 0            ; 0       ; 0         ; 0    ; 0            ; |alu|CSA_32:CSA_32|CSA_16:CSA_16_3|CSA_8:CSA_8_1|RCA:RCA_1           ; RCA         ; work         ;
;                |fa:fa_2|   ; 5 (5)               ; 0 (0)                     ; 0           ; 0            ; 0       ; 0         ; 0    ; 0            ; |alu|CSA_32:CSA_32|CSA_16:CSA_16_3|CSA_8:CSA_8_1|RCA:RCA_1|fa:fa_2   ; fa          ; work         ;
;       |MUX16:MUX0|         ; 3 (3)               ; 0 (0)                     ; 0           ; 0            ; 0       ; 0         ; 0    ; 0            ; |alu|CSA_32:CSA_32|MUX16:MUX0                                        ; MUX16       ; work         ;
;    |SLL:SLL0|              ; 107 (107)           ; 0 (0)                     ; 0           ; 0            ; 0       ; 0         ; 0    ; 0            ; |alu|SLL:SLL0                                                        ; SLL         ; work         ;
;    |SRA:SRA0|              ; 109 (109)           ; 0 (0)                     ; 0           ; 0            ; 0       ; 0         ; 0    ; 0            ; |alu|SRA:SRA0                                                        ; SRA         ; work         ;
;    |bitwise_and:AND|       ; 12 (12)             ; 0 (0)                     ; 0           ; 0            ; 0       ; 0         ; 0    ; 0            ; |alu|bitwise_and:AND                                                 ; bitwise_and ; work         ;
;    |bitwise_or:OR|         ; 3 (3)               ; 0 (0)                     ; 0           ; 0            ; 0       ; 0         ; 0    ; 0            ; |alu|bitwise_or:OR                                                   ; bitwise_or  ; work         ;
;    |isLessThan:islessthan| ; 1 (1)               ; 0 (0)                     ; 0           ; 0            ; 0       ; 0         ; 0    ; 0            ; |alu|isLessThan:islessthan                                           ; isLessThan  ; work         ;
;    |isNotEqual:isnotequal| ; 12 (12)             ; 0 (0)                     ; 0           ; 0            ; 0       ; 0         ; 0    ; 0            ; |alu|isNotEqual:isnotequal                                           ; isNotEqual  ; work         ;
+----------------------------+---------------------+---------------------------+-------------+--------------+---------+-----------+------+--------------+----------------------------------------------------------------------+-------------+--------------+
Note: For table entries with two numbers listed, the numbers in parentheses indicate the number of resources of the given type used by the specific entity alone. The numbers listed outside of parentheses indicate the total resources of the given type used by the specific entity and all of its sub-entities in the hierarchy.


+------------------------------------------------------+
; General Register Statistics                          ;
+----------------------------------------------+-------+
; Statistic                                    ; Value ;
+----------------------------------------------+-------+
; Total registers                              ; 0     ;
; Number of registers using Synchronous Clear  ; 0     ;
; Number of registers using Synchronous Load   ; 0     ;
; Number of registers using Asynchronous Clear ; 0     ;
; Number of registers using Asynchronous Load  ; 0     ;
; Number of registers using Clock Enable       ; 0     ;
; Number of registers using Preset             ; 0     ;
+----------------------------------------------+-------+


+---------------------------------------------------------------------------------------------------------------------------------------------------------------------+
; Multiplexer Restructuring Statistics (Restructuring Performed)                                                                                                      ;
+--------------------+-----------+---------------+----------------------+------------------------+------------+-------------------------------------------------------+
; Multiplexer Inputs ; Bus Width ; Baseline Area ; Area if Restructured ; Saving if Restructured ; Registered ; Example Multiplexer Output                            ;
+--------------------+-----------+---------------+----------------------+------------------------+------------+-------------------------------------------------------+
; 4:1                ; 7 bits    ; 14 LEs        ; 14 LEs               ; 0 LEs                  ; No         ; |alu|SRA:SRA0|result[11]                              ;
; 4:1                ; 7 bits    ; 14 LEs        ; 14 LEs               ; 0 LEs                  ; No         ; |alu|SRA:SRA0|result[1]                               ;
; 4:1                ; 4 bits    ; 8 LEs         ; 4 LEs                ; 4 LEs                  ; No         ; |alu|CSA_32:CSA_32_2|CSA_16:CSA_16_1|MUX8:MUX8_2|X[6] ;
; 4:1                ; 3 bits    ; 6 LEs         ; 3 LEs                ; 3 LEs                  ; No         ; |alu|CSA_32:CSA_32_2|MUX16:MUX0|X[5]                  ;
; 4:1                ; 4 bits    ; 8 LEs         ; 4 LEs                ; 4 LEs                  ; No         ; |alu|CSA_32:CSA_32_2|MUX16:MUX0|X[11]                 ;
; 4:1                ; 2 bits    ; 4 LEs         ; 2 LEs                ; 2 LEs                  ; No         ; |alu|CSA_32:CSA_32|MUX16:MUX0|X[15]                   ;
; 4:1                ; 4 bits    ; 8 LEs         ; 4 LEs                ; 4 LEs                  ; No         ; |alu|CSA_32:CSA_32_2|MUX16:MUX0|X[13]                 ;
; 11:1               ; 4 bits    ; 28 LEs        ; 28 LEs               ; 0 LEs                  ; No         ; |alu|data_result                                      ;
; 11:1               ; 4 bits    ; 28 LEs        ; 24 LEs               ; 4 LEs                  ; No         ; |alu|data_result                                      ;
; 12:1               ; 2 bits    ; 16 LEs        ; 12 LEs               ; 4 LEs                  ; No         ; |alu|data_result                                      ;
; 12:1               ; 3 bits    ; 24 LEs        ; 21 LEs               ; 3 LEs                  ; No         ; |alu|data_result                                      ;
; 13:1               ; 3 bits    ; 24 LEs        ; 21 LEs               ; 3 LEs                  ; No         ; |alu|data_result                                      ;
; 13:1               ; 3 bits    ; 24 LEs        ; 18 LEs               ; 6 LEs                  ; No         ; |alu|data_result                                      ;
; 14:1               ; 3 bits    ; 27 LEs        ; 21 LEs               ; 6 LEs                  ; No         ; |alu|data_result                                      ;
+--------------------+-----------+---------------+----------------------+------------------------+------------+-------------------------------------------------------+


+------------------------------------------------------------------------------------------------------+
; Parameter Settings for User Entity Instance: CSA_32:CSA_32|CSA_16:CSA_16_1|CSA_8:CSA_8_1|MUX4:MUX4_1 ;
+----------------+-------+-----------------------------------------------------------------------------+
; Parameter Name ; Value ; Type                                                                        ;
+----------------+-------+-----------------------------------------------------------------------------+
; WIDTH          ; 4     ; Signed Integer                                                              ;
+----------------+-------+-----------------------------------------------------------------------------+
Note: In order to hide this table in the UI and the text report file, please set the "Show Parameter Settings in Synthesis Report" option in "Analysis and Synthesis Settings -> More Settings" to "Off".


+------------------------------------------------------------------------------------------------------+
; Parameter Settings for User Entity Instance: CSA_32:CSA_32|CSA_16:CSA_16_1|CSA_8:CSA_8_2|MUX4:MUX4_1 ;
+----------------+-------+-----------------------------------------------------------------------------+
; Parameter Name ; Value ; Type                                                                        ;
+----------------+-------+-----------------------------------------------------------------------------+
; WIDTH          ; 4     ; Signed Integer                                                              ;
+----------------+-------+-----------------------------------------------------------------------------+
Note: In order to hide this table in the UI and the text report file, please set the "Show Parameter Settings in Synthesis Report" option in "Analysis and Synthesis Settings -> More Settings" to "Off".


+------------------------------------------------------------------------------------------------------+
; Parameter Settings for User Entity Instance: CSA_32:CSA_32|CSA_16:CSA_16_1|CSA_8:CSA_8_3|MUX4:MUX4_1 ;
+----------------+-------+-----------------------------------------------------------------------------+
; Parameter Name ; Value ; Type                                                                        ;
+----------------+-------+-----------------------------------------------------------------------------+
; WIDTH          ; 4     ; Signed Integer                                                              ;
+----------------+-------+-----------------------------------------------------------------------------+
Note: In order to hide this table in the UI and the text report file, please set the "Show Parameter Settings in Synthesis Report" option in "Analysis and Synthesis Settings -> More Settings" to "Off".


+----------------------------------------------------------------------------------------+
; Parameter Settings for User Entity Instance: CSA_32:CSA_32|CSA_16:CSA_16_1|MUX8:MUX8_2 ;
+----------------+-------+---------------------------------------------------------------+
; Parameter Name ; Value ; Type                                                          ;
+----------------+-------+---------------------------------------------------------------+
; WIDTH          ; 8     ; Signed Integer                                                ;
+----------------+-------+---------------------------------------------------------------+
Note: In order to hide this table in the UI and the text report file, please set the "Show Parameter Settings in Synthesis Report" option in "Analysis and Synthesis Settings -> More Settings" to "Off".


+------------------------------------------------------------------------------------------------------+
; Parameter Settings for User Entity Instance: CSA_32:CSA_32|CSA_16:CSA_16_2|CSA_8:CSA_8_1|MUX4:MUX4_1 ;
+----------------+-------+-----------------------------------------------------------------------------+
; Parameter Name ; Value ; Type                                                                        ;
+----------------+-------+-----------------------------------------------------------------------------+
; WIDTH          ; 4     ; Signed Integer                                                              ;
+----------------+-------+-----------------------------------------------------------------------------+
Note: In order to hide this table in the UI and the text report file, please set the "Show Parameter Settings in Synthesis Report" option in "Analysis and Synthesis Settings -> More Settings" to "Off".


+------------------------------------------------------------------------------------------------------+
; Parameter Settings for User Entity Instance: CSA_32:CSA_32|CSA_16:CSA_16_2|CSA_8:CSA_8_2|MUX4:MUX4_1 ;
+----------------+-------+-----------------------------------------------------------------------------+
; Parameter Name ; Value ; Type                                                                        ;
+----------------+-------+-----------------------------------------------------------------------------+
; WIDTH          ; 4     ; Signed Integer                                                              ;
+----------------+-------+-----------------------------------------------------------------------------+
Note: In order to hide this table in the UI and the text report file, please set the "Show Parameter Settings in Synthesis Report" option in "Analysis and Synthesis Settings -> More Settings" to "Off".


+------------------------------------------------------------------------------------------------------+
; Parameter Settings for User Entity Instance: CSA_32:CSA_32|CSA_16:CSA_16_2|CSA_8:CSA_8_3|MUX4:MUX4_1 ;
+----------------+-------+-----------------------------------------------------------------------------+
; Parameter Name ; Value ; Type                                                                        ;
+----------------+-------+-----------------------------------------------------------------------------+
; WIDTH          ; 4     ; Signed Integer                                                              ;
+----------------+-------+-----------------------------------------------------------------------------+
Note: In order to hide this table in the UI and the text report file, please set the "Show Parameter Settings in Synthesis Report" option in "Analysis and Synthesis Settings -> More Settings" to "Off".


+----------------------------------------------------------------------------------------+
; Parameter Settings for User Entity Instance: CSA_32:CSA_32|CSA_16:CSA_16_2|MUX8:MUX8_2 ;
+----------------+-------+---------------------------------------------------------------+
; Parameter Name ; Value ; Type                                                          ;
+----------------+-------+---------------------------------------------------------------+
; WIDTH          ; 8     ; Signed Integer                                                ;
+----------------+-------+---------------------------------------------------------------+
Note: In order to hide this table in the UI and the text report file, please set the "Show Parameter Settings in Synthesis Report" option in "Analysis and Synthesis Settings -> More Settings" to "Off".


+------------------------------------------------------------------------------------------------------+
; Parameter Settings for User Entity Instance: CSA_32:CSA_32|CSA_16:CSA_16_3|CSA_8:CSA_8_1|MUX4:MUX4_1 ;
+----------------+-------+-----------------------------------------------------------------------------+
; Parameter Name ; Value ; Type                                                                        ;
+----------------+-------+-----------------------------------------------------------------------------+
; WIDTH          ; 4     ; Signed Integer                                                              ;
+----------------+-------+-----------------------------------------------------------------------------+
Note: In order to hide this table in the UI and the text report file, please set the "Show Parameter Settings in Synthesis Report" option in "Analysis and Synthesis Settings -> More Settings" to "Off".


+------------------------------------------------------------------------------------------------------+
; Parameter Settings for User Entity Instance: CSA_32:CSA_32|CSA_16:CSA_16_3|CSA_8:CSA_8_2|MUX4:MUX4_1 ;
+----------------+-------+-----------------------------------------------------------------------------+
; Parameter Name ; Value ; Type                                                                        ;
+----------------+-------+-----------------------------------------------------------------------------+
; WIDTH          ; 4     ; Signed Integer                                                              ;
+----------------+-------+-----------------------------------------------------------------------------+
Note: In order to hide this table in the UI and the text report file, please set the "Show Parameter Settings in Synthesis Report" option in "Analysis and Synthesis Settings -> More Settings" to "Off".


+------------------------------------------------------------------------------------------------------+
; Parameter Settings for User Entity Instance: CSA_32:CSA_32|CSA_16:CSA_16_3|CSA_8:CSA_8_3|MUX4:MUX4_1 ;
+----------------+-------+-----------------------------------------------------------------------------+
; Parameter Name ; Value ; Type                                                                        ;
+----------------+-------+-----------------------------------------------------------------------------+
; WIDTH          ; 4     ; Signed Integer                                                              ;
+----------------+-------+-----------------------------------------------------------------------------+
Note: In order to hide this table in the UI and the text report file, please set the "Show Parameter Settings in Synthesis Report" option in "Analysis and Synthesis Settings -> More Settings" to "Off".


+----------------------------------------------------------------------------------------+
; Parameter Settings for User Entity Instance: CSA_32:CSA_32|CSA_16:CSA_16_3|MUX8:MUX8_2 ;
+----------------+-------+---------------------------------------------------------------+
; Parameter Name ; Value ; Type                                                          ;
+----------------+-------+---------------------------------------------------------------+
; WIDTH          ; 8     ; Signed Integer                                                ;
+----------------+-------+---------------------------------------------------------------+
Note: In order to hide this table in the UI and the text report file, please set the "Show Parameter Settings in Synthesis Report" option in "Analysis and Synthesis Settings -> More Settings" to "Off".


+-----------------------------------------------------------------------+
; Parameter Settings for User Entity Instance: CSA_32:CSA_32|MUX16:MUX0 ;
+----------------+-------+----------------------------------------------+
; Parameter Name ; Value ; Type                                         ;
+----------------+-------+----------------------------------------------+
; WIDTH          ; 16    ; Signed Integer                               ;
+----------------+-------+----------------------------------------------+
Note: In order to hide this table in the UI and the text report file, please set the "Show Parameter Settings in Synthesis Report" option in "Analysis and Synthesis Settings -> More Settings" to "Off".


+--------------------------------------------------------------------------------------------------------+
; Parameter Settings for User Entity Instance: CSA_32:CSA_32_2|CSA_16:CSA_16_1|CSA_8:CSA_8_1|MUX4:MUX4_1 ;
+----------------+-------+-------------------------------------------------------------------------------+
; Parameter Name ; Value ; Type                                                                          ;
+----------------+-------+-------------------------------------------------------------------------------+
; WIDTH          ; 4     ; Signed Integer                                                                ;
+----------------+-------+-------------------------------------------------------------------------------+
Note: In order to hide this table in the UI and the text report file, please set the "Show Parameter Settings in Synthesis Report" option in "Analysis and Synthesis Settings -> More Settings" to "Off".


+--------------------------------------------------------------------------------------------------------+
; Parameter Settings for User Entity Instance: CSA_32:CSA_32_2|CSA_16:CSA_16_1|CSA_8:CSA_8_2|MUX4:MUX4_1 ;
+----------------+-------+-------------------------------------------------------------------------------+
; Parameter Name ; Value ; Type                                                                          ;
+----------------+-------+-------------------------------------------------------------------------------+
; WIDTH          ; 4     ; Signed Integer                                                                ;
+----------------+-------+-------------------------------------------------------------------------------+
Note: In order to hide this table in the UI and the text report file, please set the "Show Parameter Settings in Synthesis Report" option in "Analysis and Synthesis Settings -> More Settings" to "Off".


+--------------------------------------------------------------------------------------------------------+
; Parameter Settings for User Entity Instance: CSA_32:CSA_32_2|CSA_16:CSA_16_1|CSA_8:CSA_8_3|MUX4:MUX4_1 ;
+----------------+-------+-------------------------------------------------------------------------------+
; Parameter Name ; Value ; Type                                                                          ;
+----------------+-------+-------------------------------------------------------------------------------+
; WIDTH          ; 4     ; Signed Integer                                                                ;
+----------------+-------+-------------------------------------------------------------------------------+
Note: In order to hide this table in the UI and the text report file, please set the "Show Parameter Settings in Synthesis Report" option in "Analysis and Synthesis Settings -> More Settings" to "Off".


+------------------------------------------------------------------------------------------+
; Parameter Settings for User Entity Instance: CSA_32:CSA_32_2|CSA_16:CSA_16_1|MUX8:MUX8_2 ;
+----------------+-------+-----------------------------------------------------------------+
; Parameter Name ; Value ; Type                                                            ;
+----------------+-------+-----------------------------------------------------------------+
; WIDTH          ; 8     ; Signed Integer                                                  ;
+----------------+-------+-----------------------------------------------------------------+
Note: In order to hide this table in the UI and the text report file, please set the "Show Parameter Settings in Synthesis Report" option in "Analysis and Synthesis Settings -> More Settings" to "Off".


+--------------------------------------------------------------------------------------------------------+
; Parameter Settings for User Entity Instance: CSA_32:CSA_32_2|CSA_16:CSA_16_2|CSA_8:CSA_8_1|MUX4:MUX4_1 ;
+----------------+-------+-------------------------------------------------------------------------------+
; Parameter Name ; Value ; Type                                                                          ;
+----------------+-------+-------------------------------------------------------------------------------+
; WIDTH          ; 4     ; Signed Integer                                                                ;
+----------------+-------+-------------------------------------------------------------------------------+
Note: In order to hide this table in the UI and the text report file, please set the "Show Parameter Settings in Synthesis Report" option in "Analysis and Synthesis Settings -> More Settings" to "Off".


+--------------------------------------------------------------------------------------------------------+
; Parameter Settings for User Entity Instance: CSA_32:CSA_32_2|CSA_16:CSA_16_2|CSA_8:CSA_8_2|MUX4:MUX4_1 ;
+----------------+-------+-------------------------------------------------------------------------------+
; Parameter Name ; Value ; Type                                                                          ;
+----------------+-------+-------------------------------------------------------------------------------+
; WIDTH          ; 4     ; Signed Integer                                                                ;
+----------------+-------+-------------------------------------------------------------------------------+
Note: In order to hide this table in the UI and the text report file, please set the "Show Parameter Settings in Synthesis Report" option in "Analysis and Synthesis Settings -> More Settings" to "Off".


+--------------------------------------------------------------------------------------------------------+
; Parameter Settings for User Entity Instance: CSA_32:CSA_32_2|CSA_16:CSA_16_2|CSA_8:CSA_8_3|MUX4:MUX4_1 ;
+----------------+-------+-------------------------------------------------------------------------------+
; Parameter Name ; Value ; Type                                                                          ;
+----------------+-------+-------------------------------------------------------------------------------+
; WIDTH          ; 4     ; Signed Integer                                                                ;
+----------------+-------+-------------------------------------------------------------------------------+
Note: In order to hide this table in the UI and the text report file, please set the "Show Parameter Settings in Synthesis Report" option in "Analysis and Synthesis Settings -> More Settings" to "Off".


+------------------------------------------------------------------------------------------+
; Parameter Settings for User Entity Instance: CSA_32:CSA_32_2|CSA_16:CSA_16_2|MUX8:MUX8_2 ;
+----------------+-------+-----------------------------------------------------------------+
; Parameter Name ; Value ; Type                                                            ;
+----------------+-------+-----------------------------------------------------------------+
; WIDTH          ; 8     ; Signed Integer                                                  ;
+----------------+-------+-----------------------------------------------------------------+
Note: In order to hide this table in the UI and the text report file, please set the "Show Parameter Settings in Synthesis Report" option in "Analysis and Synthesis Settings -> More Settings" to "Off".


+--------------------------------------------------------------------------------------------------------+
; Parameter Settings for User Entity Instance: CSA_32:CSA_32_2|CSA_16:CSA_16_3|CSA_8:CSA_8_1|MUX4:MUX4_1 ;
+----------------+-------+-------------------------------------------------------------------------------+
; Parameter Name ; Value ; Type                                                                          ;
+----------------+-------+-------------------------------------------------------------------------------+
; WIDTH          ; 4     ; Signed Integer                                                                ;
+----------------+-------+-------------------------------------------------------------------------------+
Note: In order to hide this table in the UI and the text report file, please set the "Show Parameter Settings in Synthesis Report" option in "Analysis and Synthesis Settings -> More Settings" to "Off".


+--------------------------------------------------------------------------------------------------------+
; Parameter Settings for User Entity Instance: CSA_32:CSA_32_2|CSA_16:CSA_16_3|CSA_8:CSA_8_2|MUX4:MUX4_1 ;
+----------------+-------+-------------------------------------------------------------------------------+
; Parameter Name ; Value ; Type                                                                          ;
+----------------+-------+-------------------------------------------------------------------------------+
; WIDTH          ; 4     ; Signed Integer                                                                ;
+----------------+-------+-------------------------------------------------------------------------------+
Note: In order to hide this table in the UI and the text report file, please set the "Show Parameter Settings in Synthesis Report" option in "Analysis and Synthesis Settings -> More Settings" to "Off".


+--------------------------------------------------------------------------------------------------------+
; Parameter Settings for User Entity Instance: CSA_32:CSA_32_2|CSA_16:CSA_16_3|CSA_8:CSA_8_3|MUX4:MUX4_1 ;
+----------------+-------+-------------------------------------------------------------------------------+
; Parameter Name ; Value ; Type                                                                          ;
+----------------+-------+-------------------------------------------------------------------------------+
; WIDTH          ; 4     ; Signed Integer                                                                ;
+----------------+-------+-------------------------------------------------------------------------------+
Note: In order to hide this table in the UI and the text report file, please set the "Show Parameter Settings in Synthesis Report" option in "Analysis and Synthesis Settings -> More Settings" to "Off".


+------------------------------------------------------------------------------------------+
; Parameter Settings for User Entity Instance: CSA_32:CSA_32_2|CSA_16:CSA_16_3|MUX8:MUX8_2 ;
+----------------+-------+-----------------------------------------------------------------+
; Parameter Name ; Value ; Type                                                            ;
+----------------+-------+-----------------------------------------------------------------+
; WIDTH          ; 8     ; Signed Integer                                                  ;
+----------------+-------+-----------------------------------------------------------------+
Note: In order to hide this table in the UI and the text report file, please set the "Show Parameter Settings in Synthesis Report" option in "Analysis and Synthesis Settings -> More Settings" to "Off".


+-------------------------------------------------------------------------+
; Parameter Settings for User Entity Instance: CSA_32:CSA_32_2|MUX16:MUX0 ;
+----------------+-------+------------------------------------------------+
; Parameter Name ; Value ; Type                                           ;
+----------------+-------+------------------------------------------------+
; WIDTH          ; 16    ; Signed Integer                                 ;
+----------------+-------+------------------------------------------------+
Note: In order to hide this table in the UI and the text report file, please set the "Show Parameter Settings in Synthesis Report" option in "Analysis and Synthesis Settings -> More Settings" to "Off".


+--------------------------------------------------------------+
; Parameter Settings for User Entity Instance: bitwise_and:AND ;
+----------------+-------+-------------------------------------+
; Parameter Name ; Value ; Type                                ;
+----------------+-------+-------------------------------------+
; N              ; 32    ; Signed Integer                      ;
+----------------+-------+-------------------------------------+
Note: In order to hide this table in the UI and the text report file, please set the "Show Parameter Settings in Synthesis Report" option in "Analysis and Synthesis Settings -> More Settings" to "Off".


+------------------------------------------------------------+
; Parameter Settings for User Entity Instance: bitwise_or:OR ;
+----------------+-------+-----------------------------------+
; Parameter Name ; Value ; Type                              ;
+----------------+-------+-----------------------------------+
; N              ; 32    ; Signed Integer                    ;
+----------------+-------+-----------------------------------+
Note: In order to hide this table in the UI and the text report file, please set the "Show Parameter Settings in Synthesis Report" option in "Analysis and Synthesis Settings -> More Settings" to "Off".


+---------------------------------------------+
; Port Connectivity Checks: "CSA_32:CSA_32_2" ;
+------+-------+----------+-------------------+
; Port ; Type  ; Severity ; Details           ;
+------+-------+----------+-------------------+
; cin  ; Input ; Info     ; Stuck at VCC      ;
+------+-------+----------+-------------------+


+-----------------------------------------------------------+
; Port Connectivity Checks: "CSA_32:CSA_32|CSA_16:CSA_16_3" ;
+------+-------+----------+---------------------------------+
; Port ; Type  ; Severity ; Details                         ;
+------+-------+----------+---------------------------------+
; cin  ; Input ; Info     ; Stuck at VCC                    ;
+------+-------+----------+---------------------------------+


+-----------------------------------------------------------+
; Port Connectivity Checks: "CSA_32:CSA_32|CSA_16:CSA_16_2" ;
+------+-------+----------+---------------------------------+
; Port ; Type  ; Severity ; Details                         ;
+------+-------+----------+---------------------------------+
; cin  ; Input ; Info     ; Stuck at GND                    ;
+------+-------+----------+---------------------------------+


+-------------------------------------------------------------------------+
; Port Connectivity Checks: "CSA_32:CSA_32|CSA_16:CSA_16_1|CSA_8:CSA_8_3" ;
+------+-------+----------+-----------------------------------------------+
; Port ; Type  ; Severity ; Details                                       ;
+------+-------+----------+-----------------------------------------------+
; cin  ; Input ; Info     ; Stuck at VCC                                  ;
+------+-------+----------+-----------------------------------------------+


+-------------------------------------------------------------------------+
; Port Connectivity Checks: "CSA_32:CSA_32|CSA_16:CSA_16_1|CSA_8:CSA_8_2" ;
+------+-------+----------+-----------------------------------------------+
; Port ; Type  ; Severity ; Details                                       ;
+------+-------+----------+-----------------------------------------------+
; cin  ; Input ; Info     ; Stuck at GND                                  ;
+------+-------+----------+-----------------------------------------------+


+-----------------------------------------------------------------------------------+
; Port Connectivity Checks: "CSA_32:CSA_32|CSA_16:CSA_16_1|CSA_8:CSA_8_1|RCA:RCA_3" ;
+------+-------+----------+---------------------------------------------------------+
; Port ; Type  ; Severity ; Details                                                 ;
+------+-------+----------+---------------------------------------------------------+
; cin  ; Input ; Info     ; Stuck at VCC                                            ;
+------+-------+----------+---------------------------------------------------------+


+-----------------------------------------------------------------------------------+
; Port Connectivity Checks: "CSA_32:CSA_32|CSA_16:CSA_16_1|CSA_8:CSA_8_1|RCA:RCA_2" ;
+------+-------+----------+---------------------------------------------------------+
; Port ; Type  ; Severity ; Details                                                 ;
+------+-------+----------+---------------------------------------------------------+
; cin  ; Input ; Info     ; Stuck at GND                                            ;
+------+-------+----------+---------------------------------------------------------+


+-------------------------------------------+
; Port Connectivity Checks: "CSA_32:CSA_32" ;
+------+-------+----------+-----------------+
; Port ; Type  ; Severity ; Details         ;
+------+-------+----------+-----------------+
; cin  ; Input ; Info     ; Stuck at GND    ;
+------+-------+----------+-----------------+


+-----------------------------------------------------+
; Post-Synthesis Netlist Statistics for Top Partition ;
+-----------------------+-----------------------------+
; Type                  ; Count                       ;
+-----------------------+-----------------------------+
; boundary_port         ; 109                         ;
; cycloneiii_lcell_comb ; 677                         ;
;     arith             ; 60                          ;
;         3 data inputs ; 60                          ;
;     normal            ; 617                         ;
;         0 data inputs ; 15                          ;
;         2 data inputs ; 50                          ;
;         3 data inputs ; 230                         ;
;         4 data inputs ; 322                         ;
;                       ;                             ;
; Max LUT depth         ; 16.00                       ;
; Average LUT depth     ; 9.13                        ;
+-----------------------+-----------------------------+


+-------------------------------+
; Elapsed Time Per Partition    ;
+----------------+--------------+
; Partition Name ; Elapsed Time ;
+----------------+--------------+
; Top            ; 00:00:03     ;
+----------------+--------------+


+-------------------------------+
; Analysis & Synthesis Messages ;
+-------------------------------+
Info: *******************************************************************
Info: Running Quartus Prime Analysis & Synthesis
    Info: Version 17.0.0 Build 595 04/25/2017 SJ Lite Edition
    Info: Processing started: Fri Sep 30 15:04:46 2022
Info: Command: quartus_map --read_settings_files=on --write_settings_files=off ALU_full -c ALU_full
Warning (18236): Number of processors has not been specified which may cause overloading on shared machines.  Set the global assignment NUM_PARALLEL_PROCESSORS in your QSF to an appropriate value for best performance.
Info (20030): Parallel compilation is enabled and will use 2 of the 2 processors detected
Info (12021): Found 1 design units, including 1 entities, in source file fa.v
    Info (12023): Found entity 1: fa File: C:/Users/vcm/Documents/ECE_550/ALU_full/fa.v Line: 5
Info (12021): Found 1 design units, including 1 entities, in source file rca.v
    Info (12023): Found entity 1: RCA File: C:/Users/vcm/Documents/ECE_550/ALU_full/RCA.v Line: 1
Info (12021): Found 1 design units, including 1 entities, in source file csa_8.v
    Info (12023): Found entity 1: CSA_8 File: C:/Users/vcm/Documents/ECE_550/ALU_full/CSA_8.v Line: 1
Info (12021): Found 1 design units, including 1 entities, in source file csa_16.v
    Info (12023): Found entity 1: CSA_16 File: C:/Users/vcm/Documents/ECE_550/ALU_full/CSA_16.v Line: 1
Info (12021): Found 1 design units, including 1 entities, in source file csa_32.v
    Info (12023): Found entity 1: CSA_32 File: C:/Users/vcm/Documents/ECE_550/ALU_full/CSA_32.v Line: 1
Warning (12090): Entity "mux" obtained from "mux.v" instead of from Quartus Prime megafunction library File: C:/Users/vcm/Documents/ECE_550/ALU_full/mux.v Line: 3
Info (12021): Found 1 design units, including 1 entities, in source file mux.v
    Info (12023): Found entity 1: mux File: C:/Users/vcm/Documents/ECE_550/ALU_full/mux.v Line: 3
Info (12021): Found 1 design units, including 1 entities, in source file mux_4.v
    Info (12023): Found entity 1: MUX4 File: C:/Users/vcm/Documents/ECE_550/ALU_full/MUX_4.v Line: 1
Info (12021): Found 1 design units, including 1 entities, in source file mux_8.v
    Info (12023): Found entity 1: MUX8 File: C:/Users/vcm/Documents/ECE_550/ALU_full/MUX_8.v Line: 1
Info (12021): Found 1 design units, including 1 entities, in source file mux_16.v
    Info (12023): Found entity 1: MUX16 File: C:/Users/vcm/Documents/ECE_550/ALU_full/MUX_16.v Line: 1
Info (12021): Found 1 design units, including 1 entities, in source file mux_32.v
    Info (12023): Found entity 1: MUX32 File: C:/Users/vcm/Documents/ECE_550/ALU_full/MUX_32.v Line: 1
Info (12021): Found 1 design units, including 1 entities, in source file alu.v
    Info (12023): Found entity 1: alu File: C:/Users/vcm/Documents/ECE_550/ALU_full/alu.v Line: 1
Info (12021): Found 1 design units, including 1 entities, in source file alu_tb.v
    Info (12023): Found entity 1: alu_tb File: C:/Users/vcm/Documents/ECE_550/ALU_full/alu_tb.v Line: 3
Info (12021): Found 1 design units, including 1 entities, in source file bitwise_and.v
    Info (12023): Found entity 1: bitwise_and File: C:/Users/vcm/Documents/ECE_550/ALU_full/bitwise_and.v Line: 1
Info (12021): Found 1 design units, including 1 entities, in source file bitwise_or.v
    Info (12023): Found entity 1: bitwise_or File: C:/Users/vcm/Documents/ECE_550/ALU_full/bitwise_or.v Line: 1
Info (12021): Found 1 design units, including 1 entities, in source file islessthan.v
    Info (12023): Found entity 1: isLessThan File: C:/Users/vcm/Documents/ECE_550/ALU_full/isLessThan.v Line: 1
Info (12021): Found 1 design units, including 1 entities, in source file isnotequal.v
    Info (12023): Found entity 1: isNotEqual File: C:/Users/vcm/Documents/ECE_550/ALU_full/isNotEqual.v Line: 1
Info (12021): Found 1 design units, including 1 entities, in source file sll.v
    Info (12023): Found entity 1: SLL File: C:/Users/vcm/Documents/ECE_550/ALU_full/SLL.v Line: 1
Info (12021): Found 1 design units, including 1 entities, in source file sra.v
    Info (12023): Found entity 1: SRA File: C:/Users/vcm/Documents/ECE_550/ALU_full/SRA.v Line: 1
Warning (10236): Verilog HDL Implicit Net warning at isLessThan.v(7): created implicit net for "and1" File: C:/Users/vcm/Documents/ECE_550/ALU_full/isLessThan.v Line: 7
Warning (10236): Verilog HDL Implicit Net warning at isLessThan.v(8): created implicit net for "and2" File: C:/Users/vcm/Documents/ECE_550/ALU_full/isLessThan.v Line: 8
Warning (10236): Verilog HDL Implicit Net warning at isLessThan.v(9): created implicit net for "and3" File: C:/Users/vcm/Documents/ECE_550/ALU_full/isLessThan.v Line: 9
Info (12127): Elaborating entity "alu" for the top level hierarchy
Info (12128): Elaborating entity "CSA_32" for hierarchy "CSA_32:CSA_32" File: C:/Users/vcm/Documents/ECE_550/ALU_full/alu.v Line: 23
Info (12128): Elaborating entity "CSA_16" for hierarchy "CSA_32:CSA_32|CSA_16:CSA_16_1" File: C:/Users/vcm/Documents/ECE_550/ALU_full/CSA_32.v Line: 12
Info (12128): Elaborating entity "CSA_8" for hierarchy "CSA_32:CSA_32|CSA_16:CSA_16_1|CSA_8:CSA_8_1" File: C:/Users/vcm/Documents/ECE_550/ALU_full/CSA_16.v Line: 12
Info (12128): Elaborating entity "RCA" for hierarchy "CSA_32:CSA_32|CSA_16:CSA_16_1|CSA_8:CSA_8_1|RCA:RCA_1" File: C:/Users/vcm/Documents/ECE_550/ALU_full/CSA_8.v Line: 12
Info (12128): Elaborating entity "fa" for hierarchy "CSA_32:CSA_32|CSA_16:CSA_16_1|CSA_8:CSA_8_1|RCA:RCA_1|fa:fa_1" File: C:/Users/vcm/Documents/ECE_550/ALU_full/RCA.v Line: 10
Info (12128): Elaborating entity "MUX4" for hierarchy "CSA_32:CSA_32|CSA_16:CSA_16_1|CSA_8:CSA_8_1|MUX4:MUX4_1" File: C:/Users/vcm/Documents/ECE_550/ALU_full/CSA_8.v Line: 17
Info (12128): Elaborating entity "mux" for hierarchy "CSA_32:CSA_32|CSA_16:CSA_16_1|CSA_8:CSA_8_1|mux:mux_1" File: C:/Users/vcm/Documents/ECE_550/ALU_full/CSA_8.v Line: 19
Info (12128): Elaborating entity "MUX8" for hierarchy "CSA_32:CSA_32|CSA_16:CSA_16_1|MUX8:MUX8_2" File: C:/Users/vcm/Documents/ECE_550/ALU_full/CSA_16.v Line: 17
Info (12128): Elaborating entity "MUX16" for hierarchy "CSA_32:CSA_32|MUX16:MUX0" File: C:/Users/vcm/Documents/ECE_550/ALU_full/CSA_32.v Line: 17
Info (12128): Elaborating entity "isNotEqual" for hierarchy "isNotEqual:isnotequal" File: C:/Users/vcm/Documents/ECE_550/ALU_full/alu.v Line: 29
Info (12128): Elaborating entity "isLessThan" for hierarchy "isLessThan:islessthan" File: C:/Users/vcm/Documents/ECE_550/ALU_full/alu.v Line: 30
Info (12128): Elaborating entity "bitwise_and" for hierarchy "bitwise_and:AND" File: C:/Users/vcm/Documents/ECE_550/ALU_full/alu.v Line: 32
Info (12128): Elaborating entity "bitwise_or" for hierarchy "bitwise_or:OR" File: C:/Users/vcm/Documents/ECE_550/ALU_full/alu.v Line: 33
Info (12128): Elaborating entity "SLL" for hierarchy "SLL:SLL0" File: C:/Users/vcm/Documents/ECE_550/ALU_full/alu.v Line: 35
Info (12128): Elaborating entity "SRA" for hierarchy "SRA:SRA0" File: C:/Users/vcm/Documents/ECE_550/ALU_full/alu.v Line: 36
Info (286030): Timing-Driven Synthesis is running
Info (144001): Generated suppressed messages file C:/Users/vcm/Documents/ECE_550/ALU_full/output_files/ALU_full.map.smsg
Info (16010): Generating hard_block partition "hard_block:auto_generated_inst"
    Info (16011): Adding 0 node(s), including 0 DDIO, 0 PLL, 0 transceiver and 0 LCELL
Warning (21074): Design contains 2 input pin(s) that do not drive logic
    Warning (15610): No output dependent on input pin "ctrl_ALUopcode[3]" File: C:/Users/vcm/Documents/ECE_550/ALU_full/alu.v Line: 4
    Warning (15610): No output dependent on input pin "ctrl_ALUopcode[4]" File: C:/Users/vcm/Documents/ECE_550/ALU_full/alu.v Line: 4
Info (21057): Implemented 786 device resources after synthesis - the final resource count might be different
    Info (21058): Implemented 74 input pins
    Info (21059): Implemented 35 output pins
    Info (21061): Implemented 677 logic cells
Info: Quartus Prime Analysis & Synthesis was successful. 0 errors, 8 warnings
    Info: Peak virtual memory: 4735 megabytes
    Info: Processing ended: Fri Sep 30 15:05:03 2022
    Info: Elapsed time: 00:00:17
    Info: Total CPU time (on all processors): 00:00:23


+------------------------------------------+
; Analysis & Synthesis Suppressed Messages ;
+------------------------------------------+
The suppressed messages can be found in C:/Users/vcm/Documents/ECE_550/ALU_full/output_files/ALU_full.map.smsg.


